{"name": "test_empty_courses_list", "status": "failed", "statusDetails": {"message": "AssertionError: Locator expected to have text 'Results from the load tests pipeline will be displayed here'\nActual value: Results from the load test pipeline will be displayed here \nCall log:\n  - Expect \"to_have_text\" with timeout 5000ms\n  - waiting for get_by_test_id(\"courses-list-empty-view-description-text\")\n    9 × locator resolved to <p data-testid=\"courses-list-empty-view-description-text\" class=\"MuiTypography-root MuiTypography-body1 css-gjwoc1\">Results from the load test pipeline will be displ…</p>\n      - unexpected value \"Results from the load test pipeline will be displayed here\"", "trace": "self = <test_courses.TestCourses object at 0x0000021E2BE17890>, courses_list_page = <pages.courses.courses_list_page.CoursesListPage object at 0x0000021E2BED2E40>\n\n    def test_empty_courses_list(self, courses_list_page: CoursesListPage):\n        courses_list_page.visit('https://nikita-filonov.github.io/qa-automation-engineer-ui-course/#/courses')\n        courses_list_page.navbar.check_visible(\"username\")\n        courses_list_page.sidebar.check_visible()\n>       courses_list_page.check_visible_empty_view()\n\ntests\\courses\\test_courses.py:13: \n_ _ _ _ _ _ _ _ _ _ _ _ _ _ _ _ _ _ _ _ _ _ _ _ _ _ _ _ _ _ _ _ _ _ _ _ _ _ _ _ _ _ _ _ _ _ _ _ _ _ _ _ _ _ _ _ _ _ _ _ _ _ _ _ _ _ _ _ _ _ _ _ _ _ _ _ _ _ _ _ _ _ _ _ _ _ _ _ _ _ _ _ _ _ _ _ _ _ _ _ _ _ _ _ _ _ _ _ _ _ _ _ _\npages\\courses\\courses_list_page.py:26: in check_visible_empty_view\n    self.empty_view.check_visible(\ncomponents\\views\\empty_view_component.py:22: in check_visible\n    self.description.check_have_text(description)\n_ _ _ _ _ _ _ _ _ _ _ _ _ _ _ _ _ _ _ _ _ _ _ _ _ _ _ _ _ _ _ _ _ _ _ _ _ _ _ _ _ _ _ _ _ _ _ _ _ _ _ _ _ _ _ _ _ _ _ _ _ _ _ _ _ _ _ _ _ _ _ _ _ _ _ _ _ _ _ _ _ _ _ _ _ _ _ _ _ _ _ _ _ _ _ _ _ _ _ _ _ _ _ _ _ _ _ _ _ _ _ _ _\n\nself = <elements.text.Text object at 0x0000021E2C183E30>, text = 'Results from the load tests pipeline will be displayed here', kwargs = {}\nlocator = <Locator frame=<Frame name= url='https://nikita-filonov.github.io/qa-automation-engineer-ui-course/#/courses'> selector='internal:testid=[data-testid=\"courses-list-empty-view-description-text\"s]'>\n\n    def check_have_text(self, text: str, **kwargs):\n        locator = self.get_locator(**kwargs)\n>       expect(locator).to_have_text(text)\nE       AssertionError: Locator expected to have text 'Results from the load tests pipeline will be displayed here'\nE       Actual value: Results from the load test pipeline will be displayed here \nE       Call log:\nE         - Expect \"to_have_text\" with timeout 5000ms\nE         - waiting for get_by_test_id(\"courses-list-empty-view-description-text\")\nE           9 × locator resolved to <p data-testid=\"courses-list-empty-view-description-text\" class=\"MuiTypography-root MuiTypography-body1 css-gjwoc1\">Results from the load test pipeline will be displ…</p>\nE             - unexpected value \"Results from the load test pipeline will be displayed here\"\n\nelements\\base_element.py:24: AssertionError"}, "start": 1763223357030, "stop": 1763223362901, "uuid": "a2e1649c-a4ac-4322-bbd7-c857bef63f40", "historyId": "90d39b65ed1a93c858227630693d202b", "testCaseId": "90d39b65ed1a93c858227630693d202b", "fullName": "tests.courses.test_courses.TestCourses#test_empty_courses_list", "labels": [{"name": "tag", "value": "regression"}, {"name": "tag", "value": "courses"}, {"name": "parentSuite", "value": "tests.courses"}, {"name": "suite", "value": "test_courses"}, {"name": "subSuite", "value": "TestCourses"}, {"name": "host", "value": "DESKTOP-DLC1NFH"}, {"name": "thread", "value": "17440-MainThread"}, {"name": "framework", "value": "pytest"}, {"name": "language", "value": "cpython3"}, {"name": "package", "value": "tests.courses.test_courses"}], "titlePath": ["tests", "courses", "test_courses.py", "TestCourses"]}